Determining if the pthread_create exist failed with the following output:
Change Dir: /home/valliu/桌面/apriltags-0.0.7/build/CMakeFiles/CMakeTmp

Run Build Command:"/usr/bin/make" "cmTC_954a9/fast"
/usr/bin/make -f CMakeFiles/cmTC_954a9.dir/build.make CMakeFiles/cmTC_954a9.dir/build
make[1]: Entering directory '/home/valliu/桌面/apriltags-0.0.7/build/CMakeFiles/CMakeTmp'
Building C object CMakeFiles/cmTC_954a9.dir/CheckSymbolExists.c.o
/usr/bin/cc     -o CMakeFiles/cmTC_954a9.dir/CheckSymbolExists.c.o   -c /home/valliu/桌面/apriltags-0.0.7/build/CMakeFiles/CMakeTmp/CheckSymbolExists.c
Linking C executable cmTC_954a9
/usr/bin/cmake -E cmake_link_script CMakeFiles/cmTC_954a9.dir/link.txt --verbose=1
/usr/bin/cc       CMakeFiles/cmTC_954a9.dir/CheckSymbolExists.c.o  -o cmTC_954a9 -rdynamic 
CMakeFiles/cmTC_954a9.dir/CheckSymbolExists.c.o: 於函式 main:
CheckSymbolExists.c:(.text+0x16): 未定義參考到「pthread_create」
collect2: error: ld returned 1 exit status
CMakeFiles/cmTC_954a9.dir/build.make:97: recipe for target 'cmTC_954a9' failed
make[1]: *** [cmTC_954a9] Error 1
make[1]: Leaving directory '/home/valliu/桌面/apriltags-0.0.7/build/CMakeFiles/CMakeTmp'
Makefile:126: recipe for target 'cmTC_954a9/fast' failed
make: *** [cmTC_954a9/fast] Error 2

File /home/valliu/桌面/apriltags-0.0.7/build/CMakeFiles/CMakeTmp/CheckSymbolExists.c:
/* */
#include <pthread.h>

int main(int argc, char** argv)
{
  (void)argv;
#ifndef pthread_create
  return ((int*)(&pthread_create))[argc];
#else
  (void)argc;
  return 0;
#endif
}

Determining if the function pthread_create exists in the pthreads failed with the following output:
Change Dir: /home/valliu/桌面/apriltags-0.0.7/build/CMakeFiles/CMakeTmp

Run Build Command:"/usr/bin/make" "cmTC_c044f/fast"
/usr/bin/make -f CMakeFiles/cmTC_c044f.dir/build.make CMakeFiles/cmTC_c044f.dir/build
make[1]: Entering directory '/home/valliu/桌面/apriltags-0.0.7/build/CMakeFiles/CMakeTmp'
Building C object CMakeFiles/cmTC_c044f.dir/CheckFunctionExists.c.o
/usr/bin/cc    -DCHECK_FUNCTION_EXISTS=pthread_create   -o CMakeFiles/cmTC_c044f.dir/CheckFunctionExists.c.o   -c /usr/share/cmake-3.5/Modules/CheckFunctionExists.c
Linking C executable cmTC_c044f
/usr/bin/cmake -E cmake_link_script CMakeFiles/cmTC_c044f.dir/link.txt --verbose=1
/usr/bin/cc   -DCHECK_FUNCTION_EXISTS=pthread_create    CMakeFiles/cmTC_c044f.dir/CheckFunctionExists.c.o  -o cmTC_c044f -rdynamic -lpthreads 
/usr/bin/ld: 找不到 -lpthreads
collect2: error: ld returned 1 exit status
CMakeFiles/cmTC_c044f.dir/build.make:97: recipe for target 'cmTC_c044f' failed
make[1]: *** [cmTC_c044f] Error 1
make[1]: Leaving directory '/home/valliu/桌面/apriltags-0.0.7/build/CMakeFiles/CMakeTmp'
Makefile:126: recipe for target 'cmTC_c044f/fast' failed
make: *** [cmTC_c044f/fast] Error 2


